00:00:00.003618 main     VirtualBox COM Server 7.1.6 r167084 win.amd64 (Jan 21 2025 14:13:52) release log
00:00:00.003622 main     Log opened 2025-04-11T06:29:51.423848800Z
00:00:00.003623 main     Build Type: release
00:00:00.003631 main     OS Product: Windows 11
00:00:00.003632 main     OS Release: 10.0.26100
00:00:00.003633 main     OS Service Pack: 
00:00:00.022852 main     DMI Product Name: Zenbook UM3402YAR_UM3402YA
00:00:00.033886 main     DMI Product Version: 1.0
00:00:00.033894 main     Firmware type: UEFI
00:00:00.034343 main     Secure Boot: Enabled
00:00:00.034357 main     Host RAM: 15771MB (15.4GB) total, 9901MB (9.6GB) available
00:00:00.034362 main     Executable: C:\Program Files\Oracle\VirtualBox\VBoxSVC.exe
00:00:00.034363 main     Process ID: 2768
00:00:00.034363 main     Package type: WINDOWS_64BITS_GENERIC
00:00:00.034366 main     Windows Features:
00:00:00.034367 main       Core Isolation (Memory Integrity): ENABLED
00:00:00.103735          VirtualBox: object creation starts
00:00:00.104014          Home directory: 'C:\Users\dilan\.VirtualBox'
00:00:00.104213          Installed Drivers:
00:00:00.126732          Loading settings file "C:\Users\dilan\.VirtualBox\VirtualBox.xml" with version "1.12-windows"
00:00:00.128665          usbLibGetDevices: Starting USB device enumeration
00:00:00.143900          Getting USB descriptor (id 18) failed (dwErr=31) on hub USB#VID_0424&PID_2807#7&4a195c0&0&3#{f18a0e88-c30c-11d0-8815-00a0c906bed8} port 5
00:00:00.152122          Getting USB descriptor (id 0) failed (dwErr=31) on hub USB#VID_2109&PID_2820#6&5280d8e&0&4#{f18a0e88-c30c-11d0-8815-00a0c906bed8} port 5
00:00:00.159592          usbLibGetDevices: Found 8 USB devices, 0 captured
00:00:00.159703          USB: Unknown USB device detected (idVendor: 0x2109, idProduct: 0x8888)
00:00:00.245901          netIfIsWireless: CreateFile on '\\.\{E8113EFF-76B3-4D64-86C8-978CEC221023}' failed with rcWin=2 (0x2) - ignoring
00:00:00.253131          HostDnsMonitor: initializing
00:00:00.264956          HostDnsMonitor: updating information
00:00:00.264978          HostDnsMonitor: old information
00:00:00.264978            no server entries
00:00:00.264979            no domain set
00:00:00.264979            no search string entries
00:00:00.264980          HostDnsMonitor: new information
00:00:00.264980            server 1: 146.232.20.10
00:00:00.264981            server 2: 146.232.20.11
00:00:00.264981            domain: sun.ac.za
00:00:00.264981            no search string entries
00:00:00.267252          VD: VDInit finished with VINF_SUCCESS
00:00:00.404696          Platform architecture set to 'x86'
00:00:00.416102          Loading settings file "C:\Users\dilan\Downloads\kali-linux-2025.1a-virtualbox-amd64\kali-linux-2025.1a-virtualbox-amd64\kali-linux-2025.1a-virtualbox-amd64.vbox" with version "1.19-windows"
00:00:00.416439          Platform architecture set to 'x86'
00:00:00.416776          Platform architecture set to 'x86'
00:00:00.427216          Loading settings file "C:\Users\dilan\VirtualBox VMs\GNS3 VM\GNS3 VM.vbox" with version "1.19-windows"
00:00:00.427423          Platform architecture set to 'x86'
00:00:00.442219          OCI: Local config file 'C:\Users\dilan\.VirtualBox\oci_config' does not exist
00:00:00.442321          OCI: Original config file 'C:\Users\dilan\.oci\config' does not exist
00:00:00.442322          OCI: Reading profiles finished with status ERROR_SUCCESS
00:00:00.442337          ExtPack: Created cloud provider 'OCI' (hrc=ERROR_SUCCESS)
00:00:00.442411          VirtualBox: object created
00:00:00.599281          Saving settings file "C:\Users\dilan\.VirtualBox\VirtualBox.xml" with version "1.12-windows"
00:00:00.602006          Finished saving settings file "C:\Users\dilan\.VirtualBox\VirtualBox.xml"
00:00:00.602224          Saving settings file "C:\Users\dilan\.VirtualBox\VirtualBox.xml" with version "1.12-windows"
00:00:00.604308          Finished saving settings file "C:\Users\dilan\.VirtualBox\VirtualBox.xml"
00:00:00.604467          Saving settings file "C:\Users\dilan\.VirtualBox\VirtualBox.xml" with version "1.12-windows"
00:00:00.606603          Finished saving settings file "C:\Users\dilan\.VirtualBox\VirtualBox.xml"
00:00:01.192122          ERROR [COM]: aRC=VBOX_E_OBJECT_NOT_FOUND (0x80bb0001) aIID={5bfd8965-b81b-469f-8649-f717ce97a5d5} aComponent={NvramStoreWrap} aText={The UEFI NVRAM file is not existing for this machine}, preserve=false aResultDetail=0
00:00:01.293593          ERROR [COM]: aRC=VBOX_E_INVALID_VM_STATE (0x80bb0002) aIID={e36a5081-a82a-40bd-9e4e-42a44d6ce50f} aComponent={MachineWrap} aText={The machine is not mutable, saved or running (state is PoweredOff)}, preserve=false aResultDetail=0
00:02:21.129641 USBPROXY usbLibGetDevices: Starting USB device enumeration
00:02:21.129858 USBPROXY Getting USB descriptor (id 0) failed (dwErr=31) on hub USB#ROOT_HUB30#5&315b279c&0&0#{f18a0e88-c30c-11d0-8815-00a0c906bed8} port 2
00:02:21.130016 USBPROXY Getting USB descriptor (id 0) failed (dwErr=31) on hub USB#VID_0424&PID_2807#7&4a195c0&0&3#{f18a0e88-c30c-11d0-8815-00a0c906bed8} port 1
00:02:21.133026 USBPROXY Getting USB descriptor (id 18) failed (dwErr=31) on hub USB#VID_0424&PID_2807#7&4a195c0&0&3#{f18a0e88-c30c-11d0-8815-00a0c906bed8} port 5
00:02:21.141227 USBPROXY Getting USB descriptor (id 0) failed (dwErr=31) on hub USB#VID_2109&PID_2820#6&5280d8e&0&4#{f18a0e88-c30c-11d0-8815-00a0c906bed8} port 5
00:02:21.147148 USBPROXY usbLibGetDevices: Found 7 USB devices, 0 captured
00:02:21.147209 USBPROXY USB: Unknown USB device detected (idVendor: 0x1c7a, idProduct: 0x0587)
00:02:25.871199 MainPower Host suspending: Paused 0 VMs
00:50:02.651904 MainPower Host resumed: Resumed 0 VMs
00:50:04.233998 USBPROXY usbLibGetDevices: Starting USB device enumeration
00:50:04.237828 USBPROXY usbLibDevGetHubPortDevices: No DriverKey on hub USB#ROOT_HUB30#5&315b279c&0&0#{f18a0e88-c30c-11d0-8815-00a0c906bed8} port 3
00:50:04.241443 USBPROXY usbLibDevGetHubPortDevices: No DriverKey on hub USB#ROOT_HUB30#5&315b279c&0&0#{f18a0e88-c30c-11d0-8815-00a0c906bed8} port 4
00:50:04.241480 USBPROXY usbLibDevCfgDrGet: IOCTL_USB_GET_DESCRIPTOR_FROM_NODE_CONNECTION #1 failed (dwErr=433) on hub USB#ROOT_HUB30#5&315b279c&0&0#{f18a0e88-c30c-11d0-8815-00a0c906bed8} port 4
00:50:04.241537 USBPROXY usbLibDevGetHubPortDevices: No DriverKey on hub USB#ROOT_HUB30#5&315b279c&0&0#{f18a0e88-c30c-11d0-8815-00a0c906bed8} port 5
00:50:04.241567 USBPROXY usbLibDevCfgDrGet: IOCTL_USB_GET_DESCRIPTOR_FROM_NODE_CONNECTION #1 failed (dwErr=433) on hub USB#ROOT_HUB30#5&315b279c&0&0#{f18a0e88-c30c-11d0-8815-00a0c906bed8} port 5
00:50:04.250406 USBPROXY usbLibGetDevices: Found 5 USB devices, 0 captured
00:50:04.250971 USBPROXY USB: Unknown USB device detected (idVendor: 0x0000, idProduct: 0x0000)
00:50:04.251697 USBPROXY USB: Unknown USB device detected (idVendor: 0x0000, idProduct: 0x0000)
00:50:04.508373          Saving settings file "C:\Users\dilan\.VirtualBox\VirtualBox.xml" with version "1.12-windows"
00:50:04.514295          Finished saving settings file "C:\Users\dilan\.VirtualBox\VirtualBox.xml"
00:50:05.751756 dns-monitor HostDnsMonitor: updating information
00:50:05.751787 dns-monitor HostDnsMonitor: unchanged
00:50:08.637375 USBPROXY usbLibGetDevices: Starting USB device enumeration
00:50:08.639019 USBPROXY usbLibDevGetHubPortDevices: No DriverKey on hub USB#ROOT_HUB30#5&315b279c&0&0#{f18a0e88-c30c-11d0-8815-00a0c906bed8} port 3
00:50:08.641996 USBPROXY usbLibDevGetHubPortDevices: No DriverKey on hub USB#ROOT_HUB30#5&315b279c&0&0#{f18a0e88-c30c-11d0-8815-00a0c906bed8} port 5
00:50:08.642012 USBPROXY usbLibDevCfgDrGet: IOCTL_USB_GET_DESCRIPTOR_FROM_NODE_CONNECTION #1 failed (dwErr=433) on hub USB#ROOT_HUB30#5&315b279c&0&0#{f18a0e88-c30c-11d0-8815-00a0c906bed8} port 5
00:50:08.642161 USBPROXY Getting USB descriptor (id 0) failed (dwErr=31) on hub USB#ROOT_HUB30#5&18c1fff2&0&0#{f18a0e88-c30c-11d0-8815-00a0c906bed8} port 3
00:50:08.642275 USBPROXY usbLibGetDevices: Found 4 USB devices, 0 captured
00:50:08.787601 USBPROXY USB: Unknown USB device detected (idVendor: 0x13d3, idProduct: 0x3568)
00:50:18.271822 USBPROXY usbLibGetDevices: Starting USB device enumeration
00:50:18.281738 USBPROXY usbLibGetDevices: Found 3 USB devices, 0 captured
00:50:18.956525 USBPROXY usbLibGetDevices: Starting USB device enumeration
00:50:18.966110 USBPROXY usbLibGetDevices: Found 3 USB devices, 0 captured
00:50:32.321328          Launched VM: 493017936 pid: 15916 (0x3e2c) frontend: GUI/Qt name: kali-linux-2025.1a-virtualbox-amd64
00:50:32.364303          ERROR [COM]: aRC=VBOX_E_OBJECT_NOT_FOUND (0x80bb0001) aIID={5bfd8965-b81b-469f-8649-f717ce97a5d5} aComponent={NvramStoreWrap} aText={The UEFI NVRAM file is not existing for this machine}, preserve=false aResultDetail=0
00:50:32.383450          ERROR [COM]: aRC=VBOX_E_INVALID_VM_STATE (0x80bb0002) aIID={e36a5081-a82a-40bd-9e4e-42a44d6ce50f} aComponent={MachineWrap} aText={The machine is not mutable, saved or running (state is PoweredOff)}, preserve=false aResultDetail=0
00:50:36.669484          Platform architecture set to 'x86'
00:50:36.787616          ERROR [COM]: aRC=VBOX_E_OBJECT_NOT_FOUND (0x80bb0001) aIID={5bfd8965-b81b-469f-8649-f717ce97a5d5} aComponent={NvramStoreWrap} aText={The UEFI NVRAM file is not existing for this machine}, preserve=false aResultDetail=0
00:50:36.791416          ERROR [COM]: aRC=VBOX_E_INVALID_VM_STATE (0x80bb0002) aIID={e36a5081-a82a-40bd-9e4e-42a44d6ce50f} aComponent={MachineWrap} aText={The machine is not mutable, saved or running (state is PoweredOff)}, preserve=false aResultDetail=0
00:50:37.264227          Load [C:\Program Files\Oracle\VirtualBox\ExtensionPacks\Oracle_VirtualBox_Extension_Pack\win.amd64\VBoxHostWebcam.DLL] vrc=VINF_SUCCESS
00:50:37.307571          ERROR [COM]: aRC=E_FAIL (0x80004005) aIID={bea3ef5c-de2f-4b74-aa3a-15d6249371a0} aComponent={RecordingSettingsWrap} aText={Recording not started}, preserve=false aResultDetail=0
00:50:38.297569          netIfIsWireless: CreateFile on '\\.\{E8113EFF-76B3-4D64-86C8-978CEC221023}' failed with rcWin=2 (0x2) - ignoring
00:50:38.474257          ERROR [COM]: aRC=E_FAIL (0x80004005) aIID={bea3ef5c-de2f-4b74-aa3a-15d6249371a0} aComponent={RecordingSettingsWrap} aText={Recording not started}, preserve=false aResultDetail=0
00:50:38.480746          ERROR [COM]: aRC=VBOX_E_OBJECT_NOT_FOUND (0x80bb0001) aIID={5bfd8965-b81b-469f-8649-f717ce97a5d5} aComponent={NvramStoreWrap} aText={The UEFI NVRAM file is not existing for this machine}, preserve=false aResultDetail=0
00:50:38.485796          ERROR [COM]: aRC=VBOX_E_INVALID_VM_STATE (0x80bb0002) aIID={e36a5081-a82a-40bd-9e4e-42a44d6ce50f} aComponent={SessionMachine} aText={The machine is not mutable or saved (state is Starting)}, preserve=false aResultDetail=0
00:50:38.500201          ERROR [COM]: aRC=VBOX_E_INVALID_VM_STATE (0x80bb0002) aIID={e36a5081-a82a-40bd-9e4e-42a44d6ce50f} aComponent={MachineWrap} aText={The machine is not mutable, saved or running (state is Starting)}, preserve=false aResultDetail=0
00:50:38.564979          ERROR [COM]: aRC=VBOX_E_INVALID_VM_STATE (0x80bb0002) aIID={e36a5081-a82a-40bd-9e4e-42a44d6ce50f} aComponent={SessionMachine} aText={The machine is not mutable or saved (state is Starting)}, preserve=false aResultDetail=0
00:50:38.630210          netIfIsWireless: CreateFile on '\\.\{E8113EFF-76B3-4D64-86C8-978CEC221023}' failed with rcWin=2 (0x2) - ignoring
00:50:39.819684          ERROR [COM]: aRC=VBOX_E_OBJECT_NOT_FOUND (0x80bb0001) aIID={7d510820-a678-4730-a862-818dcd3fbed0} aComponent={MediumWrap} aText={Property 'CRYPT/KeyId' does not exist}, preserve=false aResultDetail=0
00:50:39.820114          HostDnsMonitorProxy::GetDomainName: sun.ac.za
00:50:39.820152          HostDnsMonitorProxy::GetNameServers:
00:50:39.820157            name server 1: 146.232.20.10
00:50:39.820161            name server 2: 146.232.20.11
00:50:39.820192          HostDnsMonitorProxy::GetSearchStrings:
00:50:39.820197            no search string entries
00:50:39.841867          ERROR [COM]: aRC=E_FAIL (0x80004005) aIID={bea3ef5c-de2f-4b74-aa3a-15d6249371a0} aComponent={RecordingSettingsWrap} aText={Recording not started}, preserve=false aResultDetail=0
00:50:39.874549          ERROR [COM]: aRC=VBOX_E_OBJECT_NOT_FOUND (0x80bb0001) aIID={5bfd8965-b81b-469f-8649-f717ce97a5d5} aComponent={NvramStoreWrap} aText={The UEFI NVRAM file is not existing for this machine}, preserve=false aResultDetail=0
00:50:39.889916          ERROR [COM]: aRC=VBOX_E_INVALID_VM_STATE (0x80bb0002) aIID={e36a5081-a82a-40bd-9e4e-42a44d6ce50f} aComponent={MachineWrap} aText={The machine is not mutable, saved or running (state is Running)}, preserve=false aResultDetail=0
00:51:51.156730 USBPROXY usbLibGetDevices: Starting USB device enumeration
00:51:51.164794 USBPROXY Getting USB descriptor (id 0) failed (dwErr=31) on hub USB#ROOT_HUB30#5&315b279c&0&0#{f18a0e88-c30c-11d0-8815-00a0c906bed8} port 2
00:51:51.165960 USBPROXY Getting USB descriptor (id 0) failed (dwErr=31) on hub USB#ROOT_HUB30#5&315b279c&0&0#{f18a0e88-c30c-11d0-8815-00a0c906bed8} port 3
00:51:51.170730 USBPROXY Getting USB descriptor (id 0) failed (dwErr=31) on hub USB#ROOT_HUB30#5&18c1fff2&0&0#{f18a0e88-c30c-11d0-8815-00a0c906bed8} port 3
00:51:51.171140 USBPROXY usbLibGetDevices: Found 3 USB devices, 0 captured
00:51:51.171188 USBPROXY USB: Unknown USB device detected (idVendor: 0x13d3, idProduct: 0x3568)
00:51:51.171249 USBPROXY USB: Unknown USB device detected (idVendor: 0x1c7a, idProduct: 0x0587)
01:01:00.413743 dns-monitor HostDnsMonitor: updating information
01:01:00.413785 dns-monitor HostDnsMonitor: unchanged
01:04:36.192243          ERROR [COM]: aRC=VBOX_E_OBJECT_NOT_FOUND (0x80bb0001) aIID={5bfd8965-b81b-469f-8649-f717ce97a5d5} aComponent={NvramStoreWrap} aText={The UEFI NVRAM file is not existing for this machine}, preserve=false aResultDetail=0
01:04:36.216883          netIfIsWireless: CreateFile on '\\.\{E8113EFF-76B3-4D64-86C8-978CEC221023}' failed with rcWin=2 (0x2) - ignoring
01:04:36.240497          netIfIsWireless: CreateFile on '\\.\{E8113EFF-76B3-4D64-86C8-978CEC221023}' failed with rcWin=2 (0x2) - ignoring
01:05:05.111796          ERROR [COM]: aRC=VBOX_E_OBJECT_NOT_FOUND (0x80bb0001) aIID={5bfd8965-b81b-469f-8649-f717ce97a5d5} aComponent={NvramStoreWrap} aText={The UEFI NVRAM file is not existing for this machine}, preserve=false aResultDetail=0
01:05:05.134490          netIfIsWireless: CreateFile on '\\.\{E8113EFF-76B3-4D64-86C8-978CEC221023}' failed with rcWin=2 (0x2) - ignoring
01:05:05.159657          netIfIsWireless: CreateFile on '\\.\{E8113EFF-76B3-4D64-86C8-978CEC221023}' failed with rcWin=2 (0x2) - ignoring
02:00:04.200264          ERROR [COM]: aRC=VBOX_E_OBJECT_NOT_FOUND (0x80bb0001) aIID={5bfd8965-b81b-469f-8649-f717ce97a5d5} aComponent={NvramStoreWrap} aText={The UEFI NVRAM file is not existing for this machine}, preserve=false aResultDetail=0
02:00:04.229967          netIfIsWireless: CreateFile on '\\.\{E8113EFF-76B3-4D64-86C8-978CEC221023}' failed with rcWin=2 (0x2) - ignoring
02:00:04.258379          netIfIsWireless: CreateFile on '\\.\{E8113EFF-76B3-4D64-86C8-978CEC221023}' failed with rcWin=2 (0x2) - ignoring
02:00:13.987093          ERROR [COM]: aRC=VBOX_E_OBJECT_NOT_FOUND (0x80bb0001) aIID={5bfd8965-b81b-469f-8649-f717ce97a5d5} aComponent={NvramStoreWrap} aText={The UEFI NVRAM file is not existing for this machine}, preserve=false aResultDetail=0
02:00:13.998029          ERROR [COM]: aRC=E_FAIL (0x80004005) aIID={bea3ef5c-de2f-4b74-aa3a-15d6249371a0} aComponent={RecordingSettingsWrap} aText={Recording not started}, preserve=false aResultDetail=0
02:00:14.011699          ERROR [COM]: aRC=VBOX_E_INVALID_VM_STATE (0x80bb0002) aIID={e36a5081-a82a-40bd-9e4e-42a44d6ce50f} aComponent={MachineWrap} aText={The machine is not mutable, saved or running (state is Paused)}, preserve=false aResultDetail=0
02:00:18.431705          ERROR [COM]: aRC=E_FAIL (0x80004005) aIID={bea3ef5c-de2f-4b74-aa3a-15d6249371a0} aComponent={RecordingSettingsWrap} aText={Recording not started}, preserve=false aResultDetail=0
02:00:18.466238          ERROR [COM]: aRC=VBOX_E_OBJECT_NOT_FOUND (0x80bb0001) aIID={5bfd8965-b81b-469f-8649-f717ce97a5d5} aComponent={NvramStoreWrap} aText={The UEFI NVRAM file is not existing for this machine}, preserve=false aResultDetail=0
02:00:18.482090          ERROR [COM]: aRC=VBOX_E_INVALID_VM_STATE (0x80bb0002) aIID={e36a5081-a82a-40bd-9e4e-42a44d6ce50f} aComponent={MachineWrap} aText={The machine is not mutable, saved or running (state is Stopping)}, preserve=false aResultDetail=0
02:00:18.800155          Saving settings file "C:\Users\dilan\Downloads\kali-linux-2025.1a-virtualbox-amd64\kali-linux-2025.1a-virtualbox-amd64\kali-linux-2025.1a-virtualbox-amd64.vbox" with version "1.19-windows"
02:00:18.841565          Finished saving settings file "C:\Users\dilan\Downloads\kali-linux-2025.1a-virtualbox-amd64\kali-linux-2025.1a-virtualbox-amd64\kali-linux-2025.1a-virtualbox-amd64.vbox"
02:00:18.865565          ERROR [COM]: aRC=E_FAIL (0x80004005) aIID={bea3ef5c-de2f-4b74-aa3a-15d6249371a0} aComponent={RecordingSettingsWrap} aText={Recording not started}, preserve=false aResultDetail=0
02:00:18.907741          ERROR [COM]: aRC=E_INVALIDARG (0x80070057) aIID={e36a5081-a82a-40bd-9e4e-42a44d6ce50f} aComponent={SessionMachine} aText={Properties with TRANSIENT or TRANSRESET flag cannot be set or modified if VM is not running}, preserve=false aResultDetail=0
02:00:19.099738          ERROR [COM]: aRC=VBOX_E_OBJECT_NOT_FOUND (0x80bb0001) aIID={5bfd8965-b81b-469f-8649-f717ce97a5d5} aComponent={NvramStoreWrap} aText={The UEFI NVRAM file is not existing for this machine}, preserve=false aResultDetail=0
02:00:19.198942          ERROR [COM]: aRC=VBOX_E_INVALID_VM_STATE (0x80bb0002) aIID={e36a5081-a82a-40bd-9e4e-42a44d6ce50f} aComponent={MachineWrap} aText={The machine is not mutable, saved or running (state is PoweredOff)}, preserve=false aResultDetail=0
02:00:20.020903          ERROR [COM]: aRC=VBOX_E_OBJECT_NOT_FOUND (0x80bb0001) aIID={5bfd8965-b81b-469f-8649-f717ce97a5d5} aComponent={NvramStoreWrap} aText={The UEFI NVRAM file is not existing for this machine}, preserve=false aResultDetail=0
02:00:20.065629          ERROR [COM]: aRC=VBOX_E_INVALID_VM_STATE (0x80bb0002) aIID={e36a5081-a82a-40bd-9e4e-42a44d6ce50f} aComponent={MachineWrap} aText={The machine is not mutable, saved or running (state is PoweredOff)}, preserve=false aResultDetail=0
02:01:00.439110 dns-monitor HostDnsMonitor: updating information
02:01:00.439162 dns-monitor HostDnsMonitor: unchanged
02:01:25.709582          Platform architecture set to 'x86'
02:01:25.788503          Saving settings file "C:\Users\dilan\Downloads\kali-linux-2025.1a-virtualbox-amd64\kali-linux-2025.1a-virtualbox-amd64\kali-linux-2025.1a-virtualbox-amd64.vbox" with version "1.19-windows"
02:01:25.792298          Finished saving settings file "C:\Users\dilan\Downloads\kali-linux-2025.1a-virtualbox-amd64\kali-linux-2025.1a-virtualbox-amd64\kali-linux-2025.1a-virtualbox-amd64.vbox"
02:01:25.891114          ERROR [COM]: aRC=VBOX_E_OBJECT_NOT_FOUND (0x80bb0001) aIID={5bfd8965-b81b-469f-8649-f717ce97a5d5} aComponent={NvramStoreWrap} aText={The UEFI NVRAM file is not existing for this machine}, preserve=false aResultDetail=0
02:01:25.895040          ERROR [COM]: aRC=VBOX_E_INVALID_VM_STATE (0x80bb0002) aIID={e36a5081-a82a-40bd-9e4e-42a44d6ce50f} aComponent={MachineWrap} aText={The machine is not mutable, saved or running (state is PoweredOff)}, preserve=false aResultDetail=0
02:01:28.395033          Launched VM: 493624720 pid: 16564 (0x40b4) frontend: GUI/Qt name: kali-linux-2025.1a-virtualbox-amd64
02:01:28.437114          ERROR [COM]: aRC=VBOX_E_OBJECT_NOT_FOUND (0x80bb0001) aIID={5bfd8965-b81b-469f-8649-f717ce97a5d5} aComponent={NvramStoreWrap} aText={The UEFI NVRAM file is not existing for this machine}, preserve=false aResultDetail=0
02:01:28.458174          ERROR [COM]: aRC=VBOX_E_INVALID_VM_STATE (0x80bb0002) aIID={e36a5081-a82a-40bd-9e4e-42a44d6ce50f} aComponent={MachineWrap} aText={The machine is not mutable, saved or running (state is PoweredOff)}, preserve=false aResultDetail=0
02:01:32.805934          Platform architecture set to 'x86'
02:01:32.933552          ERROR [COM]: aRC=VBOX_E_OBJECT_NOT_FOUND (0x80bb0001) aIID={5bfd8965-b81b-469f-8649-f717ce97a5d5} aComponent={NvramStoreWrap} aText={The UEFI NVRAM file is not existing for this machine}, preserve=false aResultDetail=0
02:01:32.937475          ERROR [COM]: aRC=VBOX_E_INVALID_VM_STATE (0x80bb0002) aIID={e36a5081-a82a-40bd-9e4e-42a44d6ce50f} aComponent={MachineWrap} aText={The machine is not mutable, saved or running (state is PoweredOff)}, preserve=false aResultDetail=0
02:01:33.451668          Load [C:\Program Files\Oracle\VirtualBox\ExtensionPacks\Oracle_VirtualBox_Extension_Pack\win.amd64\VBoxHostWebcam.DLL] vrc=VINF_SUCCESS
02:01:33.490193          ERROR [COM]: aRC=E_FAIL (0x80004005) aIID={bea3ef5c-de2f-4b74-aa3a-15d6249371a0} aComponent={RecordingSettingsWrap} aText={Recording not started}, preserve=false aResultDetail=0
02:01:34.560052          netIfIsWireless: CreateFile on '\\.\{E8113EFF-76B3-4D64-86C8-978CEC221023}' failed with rcWin=2 (0x2) - ignoring
02:01:34.692682          ERROR [COM]: aRC=E_FAIL (0x80004005) aIID={bea3ef5c-de2f-4b74-aa3a-15d6249371a0} aComponent={RecordingSettingsWrap} aText={Recording not started}, preserve=false aResultDetail=0
02:01:34.697112          ERROR [COM]: aRC=VBOX_E_OBJECT_NOT_FOUND (0x80bb0001) aIID={5bfd8965-b81b-469f-8649-f717ce97a5d5} aComponent={NvramStoreWrap} aText={The UEFI NVRAM file is not existing for this machine}, preserve=false aResultDetail=0
02:01:34.705181          ERROR [COM]: aRC=VBOX_E_INVALID_VM_STATE (0x80bb0002) aIID={e36a5081-a82a-40bd-9e4e-42a44d6ce50f} aComponent={SessionMachine} aText={The machine is not mutable or saved (state is Starting)}, preserve=false aResultDetail=0
02:01:34.717275          ERROR [COM]: aRC=VBOX_E_INVALID_VM_STATE (0x80bb0002) aIID={e36a5081-a82a-40bd-9e4e-42a44d6ce50f} aComponent={MachineWrap} aText={The machine is not mutable, saved or running (state is Starting)}, preserve=false aResultDetail=0
02:01:34.746313          ERROR [COM]: aRC=VBOX_E_INVALID_VM_STATE (0x80bb0002) aIID={e36a5081-a82a-40bd-9e4e-42a44d6ce50f} aComponent={SessionMachine} aText={The machine is not mutable or saved (state is Starting)}, preserve=false aResultDetail=0
02:01:34.799890          netIfIsWireless: CreateFile on '\\.\{E8113EFF-76B3-4D64-86C8-978CEC221023}' failed with rcWin=2 (0x2) - ignoring
02:01:35.683177          ERROR [COM]: aRC=VBOX_E_OBJECT_NOT_FOUND (0x80bb0001) aIID={7d510820-a678-4730-a862-818dcd3fbed0} aComponent={MediumWrap} aText={Property 'CRYPT/KeyId' does not exist}, preserve=false aResultDetail=0
02:01:35.683698          HostDnsMonitorProxy::GetDomainName: sun.ac.za
02:01:35.683753          HostDnsMonitorProxy::GetNameServers:
02:01:35.683761            name server 1: 146.232.20.10
02:01:35.683767            name server 2: 146.232.20.11
02:01:35.683813          HostDnsMonitorProxy::GetSearchStrings:
02:01:35.683820            no search string entries
02:01:35.707048          ERROR [COM]: aRC=E_FAIL (0x80004005) aIID={bea3ef5c-de2f-4b74-aa3a-15d6249371a0} aComponent={RecordingSettingsWrap} aText={Recording not started}, preserve=false aResultDetail=0
02:01:35.742197          ERROR [COM]: aRC=VBOX_E_OBJECT_NOT_FOUND (0x80bb0001) aIID={5bfd8965-b81b-469f-8649-f717ce97a5d5} aComponent={NvramStoreWrap} aText={The UEFI NVRAM file is not existing for this machine}, preserve=false aResultDetail=0
02:01:35.760876          ERROR [COM]: aRC=VBOX_E_INVALID_VM_STATE (0x80bb0002) aIID={e36a5081-a82a-40bd-9e4e-42a44d6ce50f} aComponent={MachineWrap} aText={The machine is not mutable, saved or running (state is Running)}, preserve=false aResultDetail=0
03:01:00.445432 dns-monitor HostDnsMonitor: updating information
03:01:00.445627 dns-monitor HostDnsMonitor: unchanged
03:22:48.393389          ERROR [COM]: aRC=VBOX_E_OBJECT_NOT_FOUND (0x80bb0001) aIID={5bfd8965-b81b-469f-8649-f717ce97a5d5} aComponent={NvramStoreWrap} aText={The UEFI NVRAM file is not existing for this machine}, preserve=false aResultDetail=0
03:22:48.395843          ERROR [COM]: aRC=E_FAIL (0x80004005) aIID={bea3ef5c-de2f-4b74-aa3a-15d6249371a0} aComponent={RecordingSettingsWrap} aText={Recording not started}, preserve=false aResultDetail=0
03:22:48.436360          ERROR [COM]: aRC=VBOX_E_INVALID_VM_STATE (0x80bb0002) aIID={e36a5081-a82a-40bd-9e4e-42a44d6ce50f} aComponent={MachineWrap} aText={The machine is not mutable, saved or running (state is Paused)}, preserve=false aResultDetail=0
03:22:49.604672          ERROR [COM]: aRC=E_FAIL (0x80004005) aIID={bea3ef5c-de2f-4b74-aa3a-15d6249371a0} aComponent={RecordingSettingsWrap} aText={Recording not started}, preserve=false aResultDetail=0
03:22:49.622151          ERROR [COM]: aRC=VBOX_E_OBJECT_NOT_FOUND (0x80bb0001) aIID={5bfd8965-b81b-469f-8649-f717ce97a5d5} aComponent={NvramStoreWrap} aText={The UEFI NVRAM file is not existing for this machine}, preserve=false aResultDetail=0
03:22:49.647452          ERROR [COM]: aRC=VBOX_E_INVALID_VM_STATE (0x80bb0002) aIID={e36a5081-a82a-40bd-9e4e-42a44d6ce50f} aComponent={MachineWrap} aText={The machine is not mutable, saved or running (state is Stopping)}, preserve=false aResultDetail=0
03:22:49.955935          Saving settings file "C:\Users\dilan\Downloads\kali-linux-2025.1a-virtualbox-amd64\kali-linux-2025.1a-virtualbox-amd64\kali-linux-2025.1a-virtualbox-amd64.vbox" with version "1.19-windows"
03:22:50.249183          Finished saving settings file "C:\Users\dilan\Downloads\kali-linux-2025.1a-virtualbox-amd64\kali-linux-2025.1a-virtualbox-amd64\kali-linux-2025.1a-virtualbox-amd64.vbox"
03:22:50.277289          ERROR [COM]: aRC=E_FAIL (0x80004005) aIID={bea3ef5c-de2f-4b74-aa3a-15d6249371a0} aComponent={RecordingSettingsWrap} aText={Recording not started}, preserve=false aResultDetail=0
03:22:50.328429          ERROR [COM]: aRC=VBOX_E_OBJECT_NOT_FOUND (0x80bb0001) aIID={5bfd8965-b81b-469f-8649-f717ce97a5d5} aComponent={NvramStoreWrap} aText={The UEFI NVRAM file is not existing for this machine}, preserve=false aResultDetail=0
03:22:50.359098          ERROR [COM]: aRC=VBOX_E_INVALID_VM_STATE (0x80bb0002) aIID={e36a5081-a82a-40bd-9e4e-42a44d6ce50f} aComponent={MachineWrap} aText={The machine is not mutable, saved or running (state is PoweredOff)}, preserve=false aResultDetail=0
03:22:50.366601          ERROR [COM]: aRC=E_INVALIDARG (0x80070057) aIID={e36a5081-a82a-40bd-9e4e-42a44d6ce50f} aComponent={SessionMachine} aText={Properties with TRANSIENT or TRANSRESET flag cannot be set or modified if VM is not running}, preserve=false aResultDetail=0
03:22:51.051506          ERROR [COM]: aRC=VBOX_E_OBJECT_NOT_FOUND (0x80bb0001) aIID={5bfd8965-b81b-469f-8649-f717ce97a5d5} aComponent={NvramStoreWrap} aText={The UEFI NVRAM file is not existing for this machine}, preserve=false aResultDetail=0
03:22:51.090345          ERROR [COM]: aRC=VBOX_E_INVALID_VM_STATE (0x80bb0002) aIID={e36a5081-a82a-40bd-9e4e-42a44d6ce50f} aComponent={MachineWrap} aText={The machine is not mutable, saved or running (state is PoweredOff)}, preserve=false aResultDetail=0
03:22:54.279201 USBPROXY usbLibGetDevices: Starting USB device enumeration
03:22:54.286892 USBPROXY usbLibGetDevices: Found 2 USB devices, 0 captured
03:24:40.659835 USBPROXY usbLibGetDevices: Starting USB device enumeration
03:24:40.670857 USBPROXY usbLibGetDevices: Found 3 USB devices, 0 captured
03:25:09.744694 USBPROXY usbLibGetDevices: Starting USB device enumeration
03:25:09.752287 USBPROXY usbLibGetDevices: Found 2 USB devices, 0 captured
03:28:22.242550 USBPROXY usbLibGetDevices: Starting USB device enumeration
03:28:22.292899 USBPROXY usbLibGetDevices: Found 2 USB devices, 0 captured
03:28:25.338950          Saving settings file "C:\Users\dilan\.VirtualBox\VirtualBox.xml" with version "1.12-windows"
03:28:25.346185          Finished saving settings file "C:\Users\dilan\.VirtualBox\VirtualBox.xml"
03:28:34.026206 dns-monitor HostDnsMonitor: updating information
03:28:34.026284 dns-monitor HostDnsMonitor: old information
03:28:34.026294 dns-monitor   server 1: 146.232.20.10
03:28:34.026304 dns-monitor   server 2: 146.232.20.11
03:28:34.026314 dns-monitor   domain: sun.ac.za
03:28:34.026323 dns-monitor   no search string entries
03:28:34.026331 dns-monitor HostDnsMonitor: new information
03:28:34.026349 dns-monitor   no server entries
03:28:34.026363 dns-monitor   domain: sun.ac.za
03:28:34.026372 dns-monitor   no search string entries
03:28:37.428904 dns-monitor HostDnsMonitor: updating information
03:28:37.428962 dns-monitor HostDnsMonitor: old information
03:28:37.428969 dns-monitor   no server entries
03:28:37.428975 dns-monitor   domain: sun.ac.za
03:28:37.428980 dns-monitor   no search string entries
03:28:37.428986 dns-monitor HostDnsMonitor: new information
03:28:37.428991 dns-monitor   server 1: 146.232.20.10
03:28:37.428996 dns-monitor   server 2: 146.232.20.11
03:28:37.429001 dns-monitor   domain: sun.ac.za
03:28:37.429006 dns-monitor   no search string entries
03:29:01.445277 dns-monitor HostDnsMonitor: updating information
03:29:01.445321 dns-monitor HostDnsMonitor: unchanged
03:34:34.157367 USBPROXY usbLibGetDevices: Starting USB device enumeration
03:34:34.164908 USBPROXY usbLibGetDevices: Found 2 USB devices, 0 captured
03:34:34.455323 dns-monitor HostDnsMonitor: updating information
03:34:34.455399 dns-monitor HostDnsMonitor: old information
03:34:34.455407 dns-monitor   server 1: 146.232.20.10
03:34:34.455413 dns-monitor   server 2: 146.232.20.11
03:34:34.455419 dns-monitor   domain: sun.ac.za
03:34:34.455423 dns-monitor   no search string entries
03:34:34.455429 dns-monitor HostDnsMonitor: new information
03:34:34.455434 dns-monitor   no server entries
03:34:34.455439 dns-monitor   no domain set
03:34:34.455444 dns-monitor   no search string entries
03:34:54.147982 USBPROXY usbLibGetDevices: Starting USB device enumeration
03:34:54.148274 USBPROXY Getting USB descriptor (id 0) failed (dwErr=31) on hub USB#ROOT_HUB30#5&315b279c&0&0#{f18a0e88-c30c-11d0-8815-00a0c906bed8} port 2
03:34:54.154043 USBPROXY usbLibGetDevices: Found 2 USB devices, 0 captured
03:34:54.154110 USBPROXY USB: Unknown USB device detected (idVendor: 0x1c7a, idProduct: 0x0587)
03:35:31.787491 USBPROXY usbLibGetDevices: Starting USB device enumeration
03:35:31.803385 USBPROXY usbLibGetDevices: Found 3 USB devices, 0 captured
03:35:36.523058 USBPROXY usbLibGetDevices: Starting USB device enumeration
03:35:36.535240 USBPROXY usbLibGetDevices: Found 2 USB devices, 0 captured
03:35:47.831166 USBPROXY usbLibGetDevices: Starting USB device enumeration
03:35:47.841676 USBPROXY usbLibGetDevices: Found 3 USB devices, 0 captured
03:35:48.811851 USBPROXY usbLibGetDevices: Starting USB device enumeration
03:35:48.819289 USBPROXY usbLibGetDevices: Found 2 USB devices, 0 captured
03:35:57.591292 USBPROXY usbLibGetDevices: Starting USB device enumeration
03:35:57.603675 USBPROXY usbLibGetDevices: Found 3 USB devices, 0 captured
03:35:59.261772 USBPROXY usbLibGetDevices: Starting USB device enumeration
03:35:59.269032 USBPROXY usbLibGetDevices: Found 2 USB devices, 0 captured
03:36:05.791122 USBPROXY usbLibGetDevices: Starting USB device enumeration
03:36:05.802582 USBPROXY usbLibGetDevices: Found 3 USB devices, 0 captured
03:36:06.569410 USBPROXY usbLibGetDevices: Starting USB device enumeration
03:36:06.581862 USBPROXY usbLibGetDevices: Found 2 USB devices, 0 captured
03:36:16.338981 USBPROXY usbLibGetDevices: Starting USB device enumeration
03:36:16.355104 USBPROXY usbLibGetDevices: Found 3 USB devices, 0 captured
03:36:18.014527 USBPROXY usbLibGetDevices: Starting USB device enumeration
03:36:18.024944 USBPROXY usbLibGetDevices: Found 2 USB devices, 0 captured
03:36:22.584538 USBPROXY usbLibGetDevices: Starting USB device enumeration
03:36:22.598820 USBPROXY usbLibGetDevices: Found 3 USB devices, 0 captured
03:36:24.273396 USBPROXY usbLibGetDevices: Starting USB device enumeration
03:36:24.280716 USBPROXY usbLibGetDevices: Found 2 USB devices, 0 captured
03:36:30.554562 USBPROXY usbLibGetDevices: Starting USB device enumeration
03:36:30.568714 USBPROXY usbLibGetDevices: Found 3 USB devices, 0 captured
03:36:31.588899 USBPROXY usbLibGetDevices: Starting USB device enumeration
03:36:31.596226 USBPROXY usbLibGetDevices: Found 2 USB devices, 0 captured
03:36:32.644735 USBPROXY usbLibGetDevices: Starting USB device enumeration
03:36:32.651884 USBPROXY usbLibGetDevices: Found 2 USB devices, 0 captured
03:36:38.233039 USBPROXY usbLibGetDevices: Starting USB device enumeration
03:36:38.243745 USBPROXY usbLibGetDevices: Found 3 USB devices, 0 captured
03:36:38.928717 USBPROXY usbLibGetDevices: Starting USB device enumeration
03:36:38.967432 USBPROXY usbLibGetDevices: Found 2 USB devices, 0 captured
03:39:33.039401 USBPROXY usbLibGetDevices: Starting USB device enumeration
03:39:33.051772 USBPROXY usbLibGetDevices: Found 2 USB devices, 0 captured
09:39:41.788209 MainPower Host suspending: Paused 0 VMs
11:32:26.058921 MainPower Host resumed: Resumed 0 VMs
11:32:27.851449 dns-monitor HostDnsMonitor: updating information
11:32:27.851483 dns-monitor HostDnsMonitor: unchanged
11:32:30.224974          Saving settings file "C:\Users\dilan\.VirtualBox\VirtualBox.xml" with version "1.12-windows"
11:32:30.228692          Finished saving settings file "C:\Users\dilan\.VirtualBox\VirtualBox.xml"
11:32:30.258077 USBPROXY usbLibGetDevices: Starting USB device enumeration
11:32:30.259648 USBPROXY Getting USB descriptor (id 0) failed (dwErr=31) on hub USB#ROOT_HUB30#5&315b279c&0&0#{f18a0e88-c30c-11d0-8815-00a0c906bed8} port 3
11:32:30.269627 USBPROXY Getting USB descriptor (id 0) failed (dwErr=31) on hub USB#ROOT_HUB30#5&18c1fff2&0&0#{f18a0e88-c30c-11d0-8815-00a0c906bed8} port 3
11:32:30.269826 USBPROXY usbLibGetDevices: Found 5 USB devices, 0 captured
11:32:30.269899 USBPROXY USB: Unknown USB device detected (idVendor: 0x13d3, idProduct: 0x3568)
11:32:30.269962 USBPROXY USB: Unknown USB device detected (idVendor: 0x3277, idProduct: 0x0010)
11:32:31.163503 USBPROXY usbLibGetDevices: Starting USB device enumeration
11:32:31.165042 USBPROXY Getting USB descriptor (id 0) failed (dwErr=31) on hub USB#ROOT_HUB30#5&315b279c&0&0#{f18a0e88-c30c-11d0-8815-00a0c906bed8} port 3
11:32:31.174911 USBPROXY Getting USB descriptor (id 18) failed (dwErr=31) on hub USB#VID_0424&PID_2807#7&4a195c0&0&3#{f18a0e88-c30c-11d0-8815-00a0c906bed8} port 5
11:32:31.179215 USBPROXY Getting USB descriptor (id 0) failed (dwErr=31) on hub USB#ROOT_HUB30#5&18c1fff2&0&0#{f18a0e88-c30c-11d0-8815-00a0c906bed8} port 3
11:32:31.179586 USBPROXY usbLibGetDevices: Found 7 USB devices, 0 captured
11:32:31.234899          Saving settings file "C:\Users\dilan\.VirtualBox\VirtualBox.xml" with version "1.12-windows"
11:32:31.238253          Finished saving settings file "C:\Users\dilan\.VirtualBox\VirtualBox.xml"
11:32:35.993973 USBPROXY usbLibGetDevices: Starting USB device enumeration
11:32:35.995512 USBPROXY Getting USB descriptor (id 0) failed (dwErr=31) on hub USB#ROOT_HUB30#5&315b279c&0&0#{f18a0e88-c30c-11d0-8815-00a0c906bed8} port 3
11:32:36.010014 USBPROXY Getting USB descriptor (id 18) failed (dwErr=31) on hub USB#VID_0424&PID_2807#7&4a195c0&0&3#{f18a0e88-c30c-11d0-8815-00a0c906bed8} port 5
11:32:36.018095 USBPROXY Getting USB descriptor (id 0) failed (dwErr=31) on hub USB#VID_2109&PID_2820#6&5280d8e&0&4#{f18a0e88-c30c-11d0-8815-00a0c906bed8} port 5
11:32:36.024079 USBPROXY usbLibGetDevices: Found 8 USB devices, 0 captured
11:32:36.024221 USBPROXY USB: Unknown USB device detected (idVendor: 0x2109, idProduct: 0x8888)
11:32:36.189926 dns-monitor HostDnsMonitor: updating information
11:32:36.189960 dns-monitor HostDnsMonitor: old information
11:32:36.189964 dns-monitor   no server entries
11:32:36.189967 dns-monitor   no domain set
11:32:36.189970 dns-monitor   no search string entries
11:32:36.189973 dns-monitor HostDnsMonitor: new information
11:32:36.189975 dns-monitor   server 1: 146.232.20.10
11:32:36.189978 dns-monitor   server 2: 146.232.20.11
11:32:36.189981 dns-monitor   domain: sun.ac.za
11:32:36.189984 dns-monitor   no search string entries
11:32:46.918703 USBPROXY usbLibGetDevices: Starting USB device enumeration
11:32:46.918945 USBPROXY Getting USB descriptor (id 0) failed (dwErr=31) on hub USB#ROOT_HUB30#5&315b279c&0&0#{f18a0e88-c30c-11d0-8815-00a0c906bed8} port 2
11:32:46.919060 USBPROXY Getting USB descriptor (id 0) failed (dwErr=31) on hub USB#ROOT_HUB30#5&315b279c&0&0#{f18a0e88-c30c-11d0-8815-00a0c906bed8} port 3
11:32:46.930357 USBPROXY Getting USB descriptor (id 18) failed (dwErr=31) on hub USB#VID_0424&PID_2807#7&4a195c0&0&3#{f18a0e88-c30c-11d0-8815-00a0c906bed8} port 5
11:32:46.938295 USBPROXY Getting USB descriptor (id 0) failed (dwErr=31) on hub USB#VID_2109&PID_2820#6&5280d8e&0&4#{f18a0e88-c30c-11d0-8815-00a0c906bed8} port 5
11:32:46.944242 USBPROXY usbLibGetDevices: Found 8 USB devices, 0 captured
11:32:46.944306 USBPROXY USB: Unknown USB device detected (idVendor: 0x1c7a, idProduct: 0x0587)
11:32:54.603257 main     VirtualBox: object deletion starts
11:32:54.613128 main     ERROR [COM]: aRC=VBOX_E_OBJECT_IN_USE (0x80bb000c) aIID={7d510820-a678-4730-a862-818dcd3fbed0} aComponent={MediumWrap} aText={Medium 'C:\Users\dilan\Downloads\kali-linux-2025.1a-virtualbox-amd64\kali-linux-2025.1a-virtualbox-amd64\kali-linux-2025.1a-virtualbox-amd64.vdi' cannot be closed because it is still attached to 1 virtual machines}, preserve=false aResultDetail=0
11:32:54.615410 main     ERROR [COM]: aRC=VBOX_E_OBJECT_IN_USE (0x80bb000c) aIID={7d510820-a678-4730-a862-818dcd3fbed0} aComponent={MediumWrap} aText={Medium 'C:\Users\dilan\VirtualBox VMs\GNS3 VM\GNS3 VM-disk002.vdi' cannot be closed because it is still attached to 1 virtual machines}, preserve=false aResultDetail=0
11:32:54.620198 main     HostDnsMonitor: shutting down ...
11:32:54.620265 main     HostDnsMonitor: shut down
11:32:54.624077 Watcher  ERROR [COM]: aRC=E_ACCESSDENIED (0x80070005) aIID={d644ad1e-c501-4fc7-9ab6-aa6d763bc540} aComponent={VirtualBoxWrap} aText={The object is not ready}, preserve=false aResultDetail=0
11:32:54.625039 main     VirtualBox: object deleted
